This file contains any messages produced by compilers while
running configure, to aid debugging if configure makes a mistake.

It was created by lightdm-gtk-greeter configure 2.0.8, which was
generated by GNU Autoconf 2.69.  Invocation command line was

  $ ./configure 

## --------- ##
## Platform. ##
## --------- ##

hostname = debian
uname -m = x86_64
uname -r = 4.19.0-10-amd64
uname -s = Linux
uname -v = #1 SMP Debian 4.19.132-1 (2020-07-24)

/usr/bin/uname -p = unknown
/bin/uname -X     = unknown

/bin/arch              = x86_64
/usr/bin/arch -k       = unknown
/usr/convex/getsysinfo = unknown
/usr/bin/hostinfo      = unknown
/bin/machine           = unknown
/usr/bin/oslevel       = unknown
/bin/universe          = unknown

PATH: /usr/local/bin
PATH: /usr/bin
PATH: /bin
PATH: /usr/local/games
PATH: /usr/games


## ----------- ##
## Core tests. ##
## ----------- ##

configure:2482: checking build system type
configure:2496: result: x86_64-pc-linux-gnu
configure:2516: checking host system type
configure:2529: result: x86_64-pc-linux-gnu
configure:2570: checking how to print strings
configure:2597: result: printf
configure:2669: checking for gcc
configure:2685: found /usr/bin/gcc
configure:2696: result: gcc
configure:2925: checking for C compiler version
configure:2934: gcc --version >&5
gcc (Debian 8.3.0-6) 8.3.0
Copyright (C) 2018 Free Software Foundation, Inc.
This is free software; see the source for copying conditions.  There is NO
warranty; not even for MERCHANTABILITY or FITNESS FOR A PARTICULAR PURPOSE.

configure:2945: $? = 0
configure:2934: gcc -v >&5
Using built-in specs.
COLLECT_GCC=gcc
COLLECT_LTO_WRAPPER=/usr/lib/gcc/x86_64-linux-gnu/8/lto-wrapper
OFFLOAD_TARGET_NAMES=nvptx-none
OFFLOAD_TARGET_DEFAULT=1
Target: x86_64-linux-gnu
Configured with: ../src/configure -v --with-pkgversion='Debian 8.3.0-6' --with-bugurl=file:///usr/share/doc/gcc-8/README.Bugs --enable-languages=c,ada,c++,go,brig,d,fortran,objc,obj-c++ --prefix=/usr --with-gcc-major-version-only --program-suffix=-8 --program-prefix=x86_64-linux-gnu- --enable-shared --enable-linker-build-id --libexecdir=/usr/lib --without-included-gettext --enable-threads=posix --libdir=/usr/lib --enable-nls --enable-bootstrap --enable-clocale=gnu --enable-libstdcxx-debug --enable-libstdcxx-time=yes --with-default-libstdcxx-abi=new --enable-gnu-unique-object --disable-vtable-verify --enable-libmpx --enable-plugin --enable-default-pie --with-system-zlib --with-target-system-zlib --enable-objc-gc=auto --enable-multiarch --disable-werror --with-arch-32=i686 --with-abi=m64 --with-multilib-list=m32,m64,mx32 --enable-multilib --with-tune=generic --enable-offload-targets=nvptx-none --without-cuda-driver --enable-checking=release --build=x86_64-linux-gnu --host=x86_64-linux-gnu --target=x86_64-linux-gnu
Thread model: posix
gcc version 8.3.0 (Debian 8.3.0-6) 
configure:2945: $? = 0
configure:2934: gcc -V >&5
gcc: error: unrecognized command line option '-V'
gcc: fatal error: no input files
compilation terminated.
configure:2945: $? = 1
configure:2934: gcc -qversion >&5
gcc: error: unrecognized command line option '-qversion'; did you mean '--version'?
gcc: fatal error: no input files
compilation terminated.
configure:2945: $? = 1
configure:2965: checking whether the C compiler works
configure:2987: gcc    conftest.c  >&5
configure:2991: $? = 0
configure:3039: result: yes
configure:3042: checking for C compiler default output file name
configure:3044: result: a.out
configure:3050: checking for suffix of executables
configure:3057: gcc -o conftest    conftest.c  >&5
configure:3061: $? = 0
configure:3083: result: 
configure:3105: checking whether we are cross compiling
configure:3113: gcc -o conftest    conftest.c  >&5
configure:3117: $? = 0
configure:3124: ./conftest
configure:3128: $? = 0
configure:3116: result: no
configure:3121: checking for suffix of object files
configure:3143: gcc -c   conftest.c >&5
configure:3147: $? = 0
configure:3168: result: o
configure:3172: checking whether we are using the GNU C compiler
configure:3191: gcc -c   conftest.c >&5
configure:3191: $? = 0
configure:3200: result: yes
configure:3209: checking whether gcc accepts -g
configure:3229: gcc -c -g  conftest.c >&5
configure:3229: $? = 0
configure:3270: result: yes
configure:3287: checking for gcc option to accept ISO C89
configure:3350: gcc  -c -g -O2  conftest.c >&5
configure:3350: $? = 0
configure:3363: result: none needed
configure:3388: checking whether gcc understands -c and -o together
configure:3410: gcc -c conftest.c -o conftest2.o
configure:3413: $? = 0
configure:3410: gcc -c conftest.c -o conftest2.o
configure:3413: $? = 0
configure:3425: result: yes
configure:3442: checking for a sed that does not truncate output
configure:3506: result: /usr/bin/sed
configure:3524: checking for grep that handles long lines and -e
configure:3582: result: /usr/bin/grep
configure:3587: checking for egrep
configure:3649: result: /usr/bin/grep -E
configure:3654: checking for fgrep
configure:3716: result: /usr/bin/grep -F
configure:3751: checking for ld used by gcc
configure:3818: result: /usr/bin/ld
configure:3825: checking if the linker (/usr/bin/ld) is GNU ld
configure:3840: result: yes
configure:3852: checking for BSD- or MS-compatible name lister (nm)
configure:3906: result: /usr/bin/nm -B
configure:4036: checking the name lister (/usr/bin/nm -B) interface
configure:4043: gcc -c -g -O2  conftest.c >&5
configure:4046: /usr/bin/nm -B "conftest.o"
configure:4049: output
0000000000000000 B some_variable
configure:4050: result: BSD nm
configure:4053: checking whether ln -s works
configure:4057: result: yes
configure:4065: checking the maximum length of command line arguments
configure:4196: result: 1572864
configure:4244: checking how to convert x86_64-pc-linux-gnu file names to x86_64-pc-linux-gnu format
configure:4284: result: func_convert_file_noop
configure:4291: checking how to convert x86_64-pc-linux-gnu file names to toolchain format
configure:4311: result: func_convert_file_noop
configure:4318: checking for /usr/bin/ld option to reload object files
configure:4325: result: -r
configure:4399: checking for objdump
configure:4415: found /usr/bin/objdump
configure:4426: result: objdump
configure:4458: checking how to recognize dependent libraries
configure:4658: result: pass_all
configure:4743: checking for dlltool
configure:4773: result: no
configure:4803: checking how to associate runtime and link libraries
configure:4830: result: printf %s\n
configure:4891: checking for ar
configure:4907: found /usr/bin/ar
configure:4918: result: ar
configure:4955: checking for archiver @FILE support
configure:4972: gcc -c -g -O2  conftest.c >&5
configure:4972: $? = 0
configure:4975: ar cru libconftest.a @conftest.lst >&5
ar: `u' modifier ignored since `D' is the default (see `U')
configure:4978: $? = 0
configure:4983: ar cru libconftest.a @conftest.lst >&5
ar: `u' modifier ignored since `D' is the default (see `U')
ar: conftest.o: No such file or directory
configure:4986: $? = 1
configure:4985: result: @
configure:5043: checking for strip
configure:5059: found /usr/bin/strip
configure:5070: result: strip
configure:5142: checking for ranlib
configure:5158: found /usr/bin/ranlib
configure:5169: result: ranlib
configure:5246: checking for gawk
configure:5276: result: no
configure:5246: checking for mawk
configure:5262: found /usr/bin/mawk
configure:5273: result: mawk
configure:5313: checking command to parse /usr/bin/nm -B output from gcc object
configure:5466: gcc -c -g -O2  conftest.c >&5
configure:5469: $? = 0
configure:5473: /usr/bin/nm -B conftest.o | sed -n -e 's/^.*[	 ]\([ABCDGIRSTW][ABCDGIRSTW]*\)[	 ][	 ]*\([_A-Za-z][_A-Za-z0-9]*\)$/\1 \2 \2/p' | sed '/ __gnu_lto/d' > conftest.nm
configure:5539: gcc -o conftest -g -O2   conftest.c conftstm.o >&5
configure:5542: $? = 0
configure:5580: result: ok
configure:5627: checking for sysroot
configure:5657: result: no
configure:5664: checking for a working dd
configure:5702: result: /usr/bin/dd
configure:5706: checking how to truncate binary pipes
configure:5721: result: /usr/bin/dd bs=4096 count=1
configure:5857: gcc -c -g -O2  conftest.c >&5
configure:5860: $? = 0
configure:6050: checking for mt
configure:6066: found /usr/bin/mt
configure:6077: result: mt
configure:6100: checking if mt is a manifest tool
configure:6106: mt '-?'
configure:6114: result: no
configure:6791: checking how to run the C preprocessor
configure:6822: gcc -E  conftest.c
configure:6822: $? = 0
configure:6836: gcc -E  conftest.c
conftest.c:9:10: fatal error: ac_nonexistent.h: No such file or directory
 #include <ac_nonexistent.h>
          ^~~~~~~~~~~~~~~~~~
compilation terminated.
configure:6836: $? = 1
configure: failed program was:
| /* confdefs.h */
| #define PACKAGE_NAME "lightdm-gtk-greeter"
| #define PACKAGE_TARNAME "lightdm-gtk-greeter"
| #define PACKAGE_VERSION "2.0.8"
| #define PACKAGE_STRING "lightdm-gtk-greeter 2.0.8"
| #define PACKAGE_BUGREPORT "https://github.com/xubuntu/lightdm-gtk-greeter"
| #define PACKAGE_URL ""
| /* end confdefs.h.  */
| #include <ac_nonexistent.h>
configure:6861: result: gcc -E
configure:6881: gcc -E  conftest.c
configure:6881: $? = 0
configure:6895: gcc -E  conftest.c
conftest.c:9:10: fatal error: ac_nonexistent.h: No such file or directory
 #include <ac_nonexistent.h>
          ^~~~~~~~~~~~~~~~~~
compilation terminated.
configure:6895: $? = 1
configure: failed program was:
| /* confdefs.h */
| #define PACKAGE_NAME "lightdm-gtk-greeter"
| #define PACKAGE_TARNAME "lightdm-gtk-greeter"
| #define PACKAGE_VERSION "2.0.8"
| #define PACKAGE_STRING "lightdm-gtk-greeter 2.0.8"
| #define PACKAGE_BUGREPORT "https://github.com/xubuntu/lightdm-gtk-greeter"
| #define PACKAGE_URL ""
| /* end confdefs.h.  */
| #include <ac_nonexistent.h>
configure:6924: checking for ANSI C header files
configure:6944: gcc -c -g -O2  conftest.c >&5
configure:6944: $? = 0
configure:7017: gcc -o conftest -g -O2   conftest.c  >&5
configure:7017: $? = 0
configure:7017: ./conftest
configure:7017: $? = 0
configure:7028: result: yes
configure:7041: checking for sys/types.h
configure:7041: gcc -c -g -O2  conftest.c >&5
configure:7041: $? = 0
configure:7041: result: yes
configure:7041: checking for sys/stat.h
configure:7041: gcc -c -g -O2  conftest.c >&5
configure:7041: $? = 0
configure:7041: result: yes
configure:7041: checking for stdlib.h
configure:7041: gcc -c -g -O2  conftest.c >&5
configure:7041: $? = 0
configure:7041: result: yes
configure:7041: checking for string.h
configure:7041: gcc -c -g -O2  conftest.c >&5
configure:7041: $? = 0
configure:7041: result: yes
configure:7041: checking for memory.h
configure:7041: gcc -c -g -O2  conftest.c >&5
configure:7041: $? = 0
configure:7041: result: yes
configure:7041: checking for strings.h
configure:7041: gcc -c -g -O2  conftest.c >&5
configure:7041: $? = 0
configure:7041: result: yes
configure:7041: checking for inttypes.h
configure:7041: gcc -c -g -O2  conftest.c >&5
configure:7041: $? = 0
configure:7041: result: yes
configure:7041: checking for stdint.h
configure:7041: gcc -c -g -O2  conftest.c >&5
configure:7041: $? = 0
configure:7041: result: yes
configure:7041: checking for unistd.h
configure:7041: gcc -c -g -O2  conftest.c >&5
configure:7041: $? = 0
configure:7041: result: yes
configure:7055: checking for dlfcn.h
configure:7055: gcc -c -g -O2  conftest.c >&5
configure:7055: $? = 0
configure:7055: result: yes
configure:7311: checking for objdir
configure:7326: result: .libs
configure:7590: checking if gcc supports -fno-rtti -fno-exceptions
configure:7608: gcc -c -g -O2  -fno-rtti -fno-exceptions conftest.c >&5
cc1: warning: command line option '-fno-rtti' is valid for C++/ObjC++ but not for C
configure:7612: $? = 0
configure:7625: result: no
configure:7983: checking for gcc option to produce PIC
configure:7990: result: -fPIC -DPIC
configure:7998: checking if gcc PIC flag -fPIC -DPIC works
configure:8016: gcc -c -g -O2  -fPIC -DPIC -DPIC conftest.c >&5
configure:8020: $? = 0
configure:8033: result: yes
configure:8062: checking if gcc static flag -static works
configure:8090: result: yes
configure:8105: checking if gcc supports -c -o file.o
configure:8126: gcc -c -g -O2  -o out/conftest2.o conftest.c >&5
configure:8130: $? = 0
configure:8152: result: yes
configure:8160: checking if gcc supports -c -o file.o
configure:8207: result: yes
configure:8240: checking whether the gcc linker (/usr/bin/ld -m elf_x86_64) supports shared libraries
configure:9503: result: yes
configure:9540: checking whether -lc should be explicitly linked in
configure:9548: gcc -c -g -O2  conftest.c >&5
configure:9551: $? = 0
configure:9566: gcc -shared  -fPIC -DPIC conftest.o  -v -Wl,-soname -Wl,conftest -o conftest 2\>\&1 \| /usr/bin/grep  -lc  \>/dev/null 2\>\&1
configure:9569: $? = 0
configure:9583: result: no
configure:9743: checking dynamic linker characteristics
configure:10324: gcc -o conftest -g -O2   -Wl,-rpath -Wl,/foo conftest.c  >&5
configure:10324: $? = 0
configure:10573: result: GNU/Linux ld.so
configure:10695: checking how to hardcode library paths into programs
configure:10720: result: immediate
configure:11268: checking whether stripping libraries is possible
configure:11273: result: yes
configure:11308: checking if libtool supports shared libraries
configure:11310: result: yes
configure:11313: checking whether to build shared libraries
configure:11338: result: yes
configure:11341: checking whether to build static libraries
configure:11345: result: yes
configure:8174: checking for a BSD-compatible install
configure:8242: result: /usr/bin/install -c
configure:8253: checking whether build environment is sane
configure:8308: result: yes
configure:8454: checking for a thread-safe mkdir -p
configure:8493: result: /usr/bin/mkdir -p
configure:8496: checking whether make sets $(MAKE)
configure:8518: result: yes
configure:8540: checking whether make supports the include directive
configure:8555: make -f confmf.GNU && cat confinc.out
this is the am__doit target
configure:8558: $? = 0
configure:8577: result: yes (GNU style)
configure:8610: checking whether make supports nested variables
configure:8627: result: yes
configure:8716: checking whether UID '1000' is supported by ustar format
configure:8719: result: yes
configure:8726: checking whether GID '1000' is supported by ustar format
configure:8729: result: yes
configure:8737: checking how to create a ustar tar archive
configure:8748: tar --version
tar (GNU tar) 1.30
Copyright (C) 2017 Free Software Foundation, Inc.
License GPLv3+: GNU GPL version 3 or later <https://gnu.org/licenses/gpl.html>.
This is free software: you are free to change and redistribute it.
There is NO WARRANTY, to the extent permitted by law.

Written by John Gilmore and Jay Fenlason.
configure:8751: $? = 0
configure:8791: tardir=conftest.dir && eval tar --format=ustar -chf - "$tardir" >conftest.tar
configure:8794: $? = 0
configure:8798: tar -xf - <conftest.tar
configure:8801: $? = 0
configure:8803: cat conftest.dir/file
GrepMe
configure:8806: $? = 0
configure:8819: result: gnutar
configure:8828: checking dependency style of gcc
configure:8939: result: gcc3
configure:8998: checking whether to enable maintainer-specific portions of Makefiles
configure:9007: result: yes
configure:9033: checking whether make supports nested variables
configure:9050: result: yes
configure:9110: checking for gcc
configure:9137: result: gcc
configure:9366: checking for C compiler version
configure:9375: gcc --version >&5
gcc (Debian 8.3.0-6) 8.3.0
Copyright (C) 2018 Free Software Foundation, Inc.
This is free software; see the source for copying conditions.  There is NO
warranty; not even for MERCHANTABILITY or FITNESS FOR A PARTICULAR PURPOSE.

configure:9386: $? = 0
configure:9375: gcc -v >&5
Using built-in specs.
COLLECT_GCC=gcc
COLLECT_LTO_WRAPPER=/usr/lib/gcc/x86_64-linux-gnu/8/lto-wrapper
OFFLOAD_TARGET_NAMES=nvptx-none
OFFLOAD_TARGET_DEFAULT=1
Target: x86_64-linux-gnu
Configured with: ../src/configure -v --with-pkgversion='Debian 8.3.0-6' --with-bugurl=file:///usr/share/doc/gcc-8/README.Bugs --enable-languages=c,ada,c++,go,brig,d,fortran,objc,obj-c++ --prefix=/usr --with-gcc-major-version-only --program-suffix=-8 --program-prefix=x86_64-linux-gnu- --enable-shared --enable-linker-build-id --libexecdir=/usr/lib --without-included-gettext --enable-threads=posix --libdir=/usr/lib --enable-nls --enable-bootstrap --enable-clocale=gnu --enable-libstdcxx-debug --enable-libstdcxx-time=yes --with-default-libstdcxx-abi=new --enable-gnu-unique-object --disable-vtable-verify --enable-libmpx --enable-plugin --enable-default-pie --with-system-zlib --with-target-system-zlib --enable-objc-gc=auto --enable-multiarch --disable-werror --with-arch-32=i686 --with-abi=m64 --with-multilib-list=m32,m64,mx32 --enable-multilib --with-tune=generic --enable-offload-targets=nvptx-none --without-cuda-driver --enable-checking=release --build=x86_64-linux-gnu --host=x86_64-linux-gnu --target=x86_64-linux-gnu
Thread model: posix
gcc version 8.3.0 (Debian 8.3.0-6) 
configure:9386: $? = 0
configure:9375: gcc -V >&5
gcc: error: unrecognized command line option '-V'
gcc: fatal error: no input files
compilation terminated.
configure:9386: $? = 1
configure:9375: gcc -qversion >&5
gcc: error: unrecognized command line option '-qversion'; did you mean '--version'?
gcc: fatal error: no input files
compilation terminated.
configure:9386: $? = 1
configure:9390: checking whether we are using the GNU C compiler
configure:9418: result: yes
configure:9427: checking whether gcc accepts -g
configure:9488: result: yes
configure:9505: checking for gcc option to accept ISO C89
configure:9581: result: none needed
configure:9606: checking whether gcc understands -c and -o together
configure:9643: result: yes
configure:9715: checking for pkg-config
configure:9733: found /usr/bin/pkg-config
configure:9745: result: /usr/bin/pkg-config
configure:9770: checking pkg-config is at least version 0.9.0
configure:9773: result: yes
configure:9792: checking for gobject-introspection
configure:9823: $PKG_CONFIG --exists --print-errors "gobject-introspection-1.0 >= 0.9.5"
Package gobject-introspection-1.0 was not found in the pkg-config search path.
Perhaps you should add the directory containing `gobject-introspection-1.0.pc'
to the PKG_CONFIG_PATH environment variable
No package 'gobject-introspection-1.0' found
configure:9826: $? = 1
configure:9838: result: no
configure:9879: checking for stdlib.h
configure:9879: result: yes
configure:9893: checking for GTK
configure:9900: $PKG_CONFIG --exists --print-errors "gtk+-3.0"
configure:9903: $? = 0
configure:9917: $PKG_CONFIG --exists --print-errors "gtk+-3.0"
configure:9920: $? = 0
configure:9978: result: yes
configure:9984: checking for GMODULE
configure:9991: $PKG_CONFIG --exists --print-errors "gmodule-export-2.0"
configure:9994: $? = 0
configure:10008: $PKG_CONFIG --exists --print-errors "gmodule-export-2.0"
configure:10011: $? = 0
configure:10069: result: yes
configure:10075: checking for LIGHTDMGOBJECT
configure:10082: $PKG_CONFIG --exists --print-errors "liblightdm-gobject-1 >= 1.19.2"
configure:10085: $? = 0
configure:10099: $PKG_CONFIG --exists --print-errors "liblightdm-gobject-1 >= 1.19.2"
configure:10102: $? = 0
configure:10322: result: yes
configure:10330: checking for LIBX11
configure:10337: $PKG_CONFIG --exists --print-errors "x11"
configure:10340: $? = 0
configure:10354: $PKG_CONFIG --exists --print-errors "x11"
configure:10357: $? = 0
configure:10415: result: yes
configure:10579: checking for optional package ayatana-indicator3-0.4
configure:10581: result: not found
configure:10712: checking for optional package indicator3-0.4
configure:10714: result: not found
configure:10993: checking for optional package libayatana-ido3-0.4 or libido3-0.1
configure:10995: result: disabled
configure:11179: checking whether NLS is requested
configure:11188: result: yes
configure:11228: checking for msgfmt
configure: trying /usr/bin/msgfmt...
0 translated messages.
configure:11260: result: /usr/bin/msgfmt
configure:11269: checking for gmsgfmt
configure:11300: result: /usr/bin/msgfmt
configure:11350: checking for xgettext
configure: trying /usr/bin/xgettext...
/usr/bin/xgettext: warning: file '/dev/null' extension '' is unknown; will try C
configure:11382: result: /usr/bin/xgettext
configure:11427: checking for msgmerge
configure: trying /usr/bin/msgmerge...
configure:11458: result: /usr/bin/msgmerge
configure:11516: checking for ld used by gcc
configure:11583: result: /usr/bin/ld -m elf_x86_64
configure:11590: checking if the linker (/usr/bin/ld -m elf_x86_64) is GNU ld
configure:11605: result: yes
configure:11612: checking for shared library run path origin
configure:11625: result: done
configure:12197: checking for CFPreferencesCopyAppValue
configure:12215: gcc -o conftest -g -O2   conftest.c  -Wl,-framework -Wl,CoreFoundation >&5
conftest.c:28:10: fatal error: CoreFoundation/CFPreferences.h: No such file or directory
 #include <CoreFoundation/CFPreferences.h>
          ^~~~~~~~~~~~~~~~~~~~~~~~~~~~~~~~
compilation terminated.
configure:12215: $? = 1
configure: failed program was:
| /* confdefs.h */
| #define PACKAGE_NAME "lightdm-gtk-greeter"
| #define PACKAGE_TARNAME "lightdm-gtk-greeter"
| #define PACKAGE_VERSION "2.0.8"
| #define PACKAGE_STRING "lightdm-gtk-greeter 2.0.8"
| #define PACKAGE_BUGREPORT "https://github.com/xubuntu/lightdm-gtk-greeter"
| #define PACKAGE_URL ""
| #define STDC_HEADERS 1
| #define HAVE_SYS_TYPES_H 1
| #define HAVE_SYS_STAT_H 1
| #define HAVE_STDLIB_H 1
| #define HAVE_STRING_H 1
| #define HAVE_MEMORY_H 1
| #define HAVE_STRINGS_H 1
| #define HAVE_INTTYPES_H 1
| #define HAVE_STDINT_H 1
| #define HAVE_UNISTD_H 1
| #define HAVE_DLFCN_H 1
| #define LT_OBJDIR ".libs/"
| #define PACKAGE "lightdm-gtk-greeter"
| #define VERSION "2.0.8"
| #define HAVE_STDLIB_H 1
| #define HAVE_LIBLIGHTDMGOBJECT_1_19_2 1
| #define AT_SPI_COMMAND "/usr/libexec/at-spi-bus-launcher --launch-immediately"
| #define INDICATOR_SERVICES_COMMAND "systemd --user indicator-services-start"
| #define GETTEXT_PACKAGE "lightdm-gtk-greeter"
| /* end confdefs.h.  */
| #include <CoreFoundation/CFPreferences.h>
| int
| main ()
| {
| CFPreferencesCopyAppValue(NULL, NULL)
|   ;
|   return 0;
| }
configure:12224: result: no
configure:12231: checking for CFLocaleCopyCurrent
configure:12249: gcc -o conftest -g -O2   conftest.c  -Wl,-framework -Wl,CoreFoundation >&5
conftest.c:28:10: fatal error: CoreFoundation/CFLocale.h: No such file or directory
 #include <CoreFoundation/CFLocale.h>
          ^~~~~~~~~~~~~~~~~~~~~~~~~~~
compilation terminated.
configure:12249: $? = 1
configure: failed program was:
| /* confdefs.h */
| #define PACKAGE_NAME "lightdm-gtk-greeter"
| #define PACKAGE_TARNAME "lightdm-gtk-greeter"
| #define PACKAGE_VERSION "2.0.8"
| #define PACKAGE_STRING "lightdm-gtk-greeter 2.0.8"
| #define PACKAGE_BUGREPORT "https://github.com/xubuntu/lightdm-gtk-greeter"
| #define PACKAGE_URL ""
| #define STDC_HEADERS 1
| #define HAVE_SYS_TYPES_H 1
| #define HAVE_SYS_STAT_H 1
| #define HAVE_STDLIB_H 1
| #define HAVE_STRING_H 1
| #define HAVE_MEMORY_H 1
| #define HAVE_STRINGS_H 1
| #define HAVE_INTTYPES_H 1
| #define HAVE_STDINT_H 1
| #define HAVE_UNISTD_H 1
| #define HAVE_DLFCN_H 1
| #define LT_OBJDIR ".libs/"
| #define PACKAGE "lightdm-gtk-greeter"
| #define VERSION "2.0.8"
| #define HAVE_STDLIB_H 1
| #define HAVE_LIBLIGHTDMGOBJECT_1_19_2 1
| #define AT_SPI_COMMAND "/usr/libexec/at-spi-bus-launcher --launch-immediately"
| #define INDICATOR_SERVICES_COMMAND "systemd --user indicator-services-start"
| #define GETTEXT_PACKAGE "lightdm-gtk-greeter"
| /* end confdefs.h.  */
| #include <CoreFoundation/CFLocale.h>
| int
| main ()
| {
| CFLocaleCopyCurrent();
|   ;
|   return 0;
| }
configure:12258: result: no
configure:12307: checking for GNU gettext in libc
configure:12336: gcc -o conftest -g -O2   conftest.c  >&5
configure:12336: $? = 0
configure:12345: result: yes
configure:13192: checking whether to use NLS
configure:13194: result: yes
configure:13197: checking where the gettext function comes from
configure:13208: result: libc
configure:13370: checking that generated files are newer than configure
configure:13376: result: done
configure:13411: creating ./config.status

## ---------------------- ##
## Running config.status. ##
## ---------------------- ##

This file was extended by lightdm-gtk-greeter config.status 2.0.8, which was
generated by GNU Autoconf 2.69.  Invocation command line was

  CONFIG_FILES    = 
  CONFIG_HEADERS  = 
  CONFIG_LINKS    = 
  CONFIG_COMMANDS = 
  $ ./config.status 

on debian

config.status:1163: creating Makefile
config.status:1163: creating data/Makefile
config.status:1163: creating data/badges/Makefile
config.status:1163: creating po/Makefile.in
config.status:1163: creating src/Makefile
config.status:1163: creating config.h
config.status:1344: config.h is unchanged
config.status:1392: executing libtool commands
config.status:1392: executing depfiles commands
config.status:2011: cd src       && sed -e '/# am--include-marker/d' Makefile         | make -f - am--depfiles
make: Nothing to be done for 'am--depfiles'.
config.status:2016: $? = 0
config.status:1392: executing po-directories commands

## ---------------- ##
## Cache variables. ##
## ---------------- ##

ac_cv_build=x86_64-pc-linux-gnu
ac_cv_c_compiler_gnu=yes
ac_cv_env_AYATANA_LIBIDO_CFLAGS_set=
ac_cv_env_AYATANA_LIBIDO_CFLAGS_value=
ac_cv_env_AYATANA_LIBIDO_LIBS_set=
ac_cv_env_AYATANA_LIBIDO_LIBS_value=
ac_cv_env_AYATANA_LIBINDICATOR_CFLAGS_set=
ac_cv_env_AYATANA_LIBINDICATOR_CFLAGS_value=
ac_cv_env_AYATANA_LIBINDICATOR_LIBS_set=
ac_cv_env_AYATANA_LIBINDICATOR_LIBS_value=
ac_cv_env_CC_set=
ac_cv_env_CC_value=
ac_cv_env_CFLAGS_set=
ac_cv_env_CFLAGS_value=
ac_cv_env_CPPFLAGS_set=
ac_cv_env_CPPFLAGS_value=
ac_cv_env_CPP_set=
ac_cv_env_CPP_value=
ac_cv_env_GMODULE_CFLAGS_set=
ac_cv_env_GMODULE_CFLAGS_value=
ac_cv_env_GMODULE_LIBS_set=
ac_cv_env_GMODULE_LIBS_value=
ac_cv_env_GTK_CFLAGS_set=
ac_cv_env_GTK_CFLAGS_value=
ac_cv_env_GTK_LIBS_set=
ac_cv_env_GTK_LIBS_value=
ac_cv_env_LDFLAGS_set=
ac_cv_env_LDFLAGS_value=
ac_cv_env_LIBS_set=
ac_cv_env_LIBS_value=
ac_cv_env_LIBX11_CFLAGS_set=
ac_cv_env_LIBX11_CFLAGS_value=
ac_cv_env_LIBX11_LIBS_set=
ac_cv_env_LIBX11_LIBS_value=
ac_cv_env_LIBXKLAVIER_CFLAGS_set=
ac_cv_env_LIBXKLAVIER_CFLAGS_value=
ac_cv_env_LIBXKLAVIER_LIBS_set=
ac_cv_env_LIBXKLAVIER_LIBS_value=
ac_cv_env_LIGHTDMGOBJECT_CFLAGS_set=
ac_cv_env_LIGHTDMGOBJECT_CFLAGS_value=
ac_cv_env_LIGHTDMGOBJECT_LIBS_set=
ac_cv_env_LIGHTDMGOBJECT_LIBS_value=
ac_cv_env_LT_SYS_LIBRARY_PATH_set=
ac_cv_env_LT_SYS_LIBRARY_PATH_value=
ac_cv_env_PKG_CONFIG_LIBDIR_set=
ac_cv_env_PKG_CONFIG_LIBDIR_value=
ac_cv_env_PKG_CONFIG_PATH_set=
ac_cv_env_PKG_CONFIG_PATH_value=
ac_cv_env_PKG_CONFIG_set=
ac_cv_env_PKG_CONFIG_value=
ac_cv_env_UNITY_LIBIDO_CFLAGS_set=
ac_cv_env_UNITY_LIBIDO_CFLAGS_value=
ac_cv_env_UNITY_LIBIDO_LIBS_set=
ac_cv_env_UNITY_LIBIDO_LIBS_value=
ac_cv_env_UNITY_LIBINDICATOR_CFLAGS_set=
ac_cv_env_UNITY_LIBINDICATOR_CFLAGS_value=
ac_cv_env_UNITY_LIBINDICATOR_LIBS_set=
ac_cv_env_UNITY_LIBINDICATOR_LIBS_value=
ac_cv_env_build_alias_set=
ac_cv_env_build_alias_value=
ac_cv_env_host_alias_set=
ac_cv_env_host_alias_value=
ac_cv_env_target_alias_set=
ac_cv_env_target_alias_value=
ac_cv_header_dlfcn_h=yes
ac_cv_header_inttypes_h=yes
ac_cv_header_memory_h=yes
ac_cv_header_stdc=yes
ac_cv_header_stdint_h=yes
ac_cv_header_stdlib_h=yes
ac_cv_header_string_h=yes
ac_cv_header_strings_h=yes
ac_cv_header_sys_stat_h=yes
ac_cv_header_sys_types_h=yes
ac_cv_header_unistd_h=yes
ac_cv_host=x86_64-pc-linux-gnu
ac_cv_objext=o
ac_cv_path_EGREP='/usr/bin/grep -E'
ac_cv_path_FGREP='/usr/bin/grep -F'
ac_cv_path_GMSGFMT=/usr/bin/msgfmt
ac_cv_path_GREP=/usr/bin/grep
ac_cv_path_MSGFMT=/usr/bin/msgfmt
ac_cv_path_MSGMERGE=/usr/bin/msgmerge
ac_cv_path_SED=/usr/bin/sed
ac_cv_path_XGETTEXT=/usr/bin/xgettext
ac_cv_path_ac_pt_PKG_CONFIG=/usr/bin/pkg-config
ac_cv_path_install='/usr/bin/install -c'
ac_cv_path_lt_DD=/usr/bin/dd
ac_cv_path_mkdir=/usr/bin/mkdir
ac_cv_prog_AWK=mawk
ac_cv_prog_CPP='gcc -E'
ac_cv_prog_ac_ct_AR=ar
ac_cv_prog_ac_ct_CC=gcc
ac_cv_prog_ac_ct_MANIFEST_TOOL=mt
ac_cv_prog_ac_ct_OBJDUMP=objdump
ac_cv_prog_ac_ct_RANLIB=ranlib
ac_cv_prog_ac_ct_STRIP=strip
ac_cv_prog_cc_c89=
ac_cv_prog_cc_g=yes
ac_cv_prog_make_make_set=yes
acl_cv_hardcode_direct=no
acl_cv_hardcode_libdir_flag_spec='${wl}-rpath ${wl}$libdir'
acl_cv_hardcode_libdir_separator=
acl_cv_hardcode_minus_L=no
acl_cv_libext=a
acl_cv_libname_spec='lib$name'
acl_cv_library_names_spec='$libname$shrext'
acl_cv_path_LD='/usr/bin/ld -m elf_x86_64'
acl_cv_prog_gnu_ld=yes
acl_cv_rpath=done
acl_cv_shlibext=so
acl_cv_wl=-Wl,
am_cv_CC_dependencies_compiler_type=gcc3
am_cv_make_support_nested_variables=yes
am_cv_prog_cc_c_o=yes
am_cv_prog_tar_ustar=gnutar
gt_cv_func_CFLocaleCopyCurrent=no
gt_cv_func_CFPreferencesCopyAppValue=no
gt_cv_func_gnugettext1_libc=yes
lt_cv_ar_at_file=@
lt_cv_archive_cmds_need_lc=no
lt_cv_deplibs_check_method=pass_all
lt_cv_file_magic_cmd='$MAGIC_CMD'
lt_cv_file_magic_test_file=
lt_cv_ld_reload_flag=-r
lt_cv_nm_interface='BSD nm'
lt_cv_objdir=.libs
lt_cv_path_LD=/usr/bin/ld
lt_cv_path_NM='/usr/bin/nm -B'
lt_cv_path_mainfest_tool=no
lt_cv_prog_compiler_c_o=yes
lt_cv_prog_compiler_pic='-fPIC -DPIC'
lt_cv_prog_compiler_pic_works=yes
lt_cv_prog_compiler_rtti_exceptions=no
lt_cv_prog_compiler_static_works=yes
lt_cv_prog_gnu_ld=yes
lt_cv_sharedlib_from_linklib_cmd='printf %s\n'
lt_cv_shlibpath_overrides_runpath=yes
lt_cv_sys_global_symbol_pipe='sed -n -e '\''s/^.*[	 ]\([ABCDGIRSTW][ABCDGIRSTW]*\)[	 ][	 ]*\([_A-Za-z][_A-Za-z0-9]*\)$/\1 \2 \2/p'\'' | sed '\''/ __gnu_lto/d'\'''
lt_cv_sys_global_symbol_to_c_name_address='sed -n -e '\''s/^: \(.*\) .*$/  {"\1", (void *) 0},/p'\'' -e '\''s/^[ABCDGIRSTW][ABCDGIRSTW]* .* \(.*\)$/  {"\1", (void *) \&\1},/p'\'''
lt_cv_sys_global_symbol_to_c_name_address_lib_prefix='sed -n -e '\''s/^: \(.*\) .*$/  {"\1", (void *) 0},/p'\'' -e '\''s/^[ABCDGIRSTW][ABCDGIRSTW]* .* \(lib.*\)$/  {"\1", (void *) \&\1},/p'\'' -e '\''s/^[ABCDGIRSTW][ABCDGIRSTW]* .* \(.*\)$/  {"lib\1", (void *) \&\1},/p'\'''
lt_cv_sys_global_symbol_to_cdecl='sed -n -e '\''s/^T .* \(.*\)$/extern int \1();/p'\'' -e '\''s/^[ABCDGIRSTW][ABCDGIRSTW]* .* \(.*\)$/extern char \1;/p'\'''
lt_cv_sys_global_symbol_to_import=
lt_cv_sys_max_cmd_len=1572864
lt_cv_to_host_file_cmd=func_convert_file_noop
lt_cv_to_tool_file_cmd=func_convert_file_noop
lt_cv_truncate_bin='/usr/bin/dd bs=4096 count=1'
pkg_cv_GMODULE_CFLAGS='-pthread -I/usr/include/glib-2.0 -I/usr/lib/x86_64-linux-gnu/glib-2.0/include'
pkg_cv_GMODULE_LIBS='-Wl,--export-dynamic -lgmodule-2.0 -pthread -lglib-2.0'
pkg_cv_GTK_CFLAGS='-pthread -I/usr/include/gtk-3.0 -I/usr/include/at-spi2-atk/2.0 -I/usr/include/at-spi-2.0 -I/usr/include/dbus-1.0 -I/usr/lib/x86_64-linux-gnu/dbus-1.0/include -I/usr/include/gtk-3.0 -I/usr/include/gio-unix-2.0 -I/usr/include/cairo -I/usr/include/libdrm -I/usr/include/pango-1.0 -I/usr/include/harfbuzz -I/usr/include/pango-1.0 -I/usr/include/fribidi -I/usr/include/atk-1.0 -I/usr/include/cairo -I/usr/include/pixman-1 -I/usr/include/freetype2 -I/usr/include/libpng16 -I/usr/include/gdk-pixbuf-2.0 -I/usr/include/libmount -I/usr/include/blkid -I/usr/include/uuid -I/usr/include/glib-2.0 -I/usr/lib/x86_64-linux-gnu/glib-2.0/include'
pkg_cv_GTK_LIBS='-lgtk-3 -lgdk-3 -lpangocairo-1.0 -lpango-1.0 -latk-1.0 -lcairo-gobject -lcairo -lgdk_pixbuf-2.0 -lgio-2.0 -lgobject-2.0 -lglib-2.0'
pkg_cv_LIBX11_CFLAGS=
pkg_cv_LIBX11_LIBS=-lX11
pkg_cv_LIGHTDMGOBJECT_CFLAGS='-pthread -I/usr/include/lightdm-gobject-1 -I/usr/include/gio-unix-2.0 -I/usr/include/libmount -I/usr/include/blkid -I/usr/include/uuid -I/usr/include/glib-2.0 -I/usr/lib/x86_64-linux-gnu/glib-2.0/include -I/usr/include/libxml2'
pkg_cv_LIGHTDMGOBJECT_LIBS=-llightdm-gobject-1

## ----------------- ##
## Output variables. ##
## ----------------- ##

ACLOCAL='${SHELL} /home/aleksey/Desktop/lightdm-gtk-greeter/missing aclocal-1.16'
AMDEPBACKSLASH='\'
AMDEP_FALSE='#'
AMDEP_TRUE=''
AMTAR='$${TAR-tar}'
AM_BACKSLASH='\'
AM_DEFAULT_V='$(AM_DEFAULT_VERBOSITY)'
AM_DEFAULT_VERBOSITY='0'
AM_V='$(V)'
AR='ar'
AUTOCONF='${SHELL} /home/aleksey/Desktop/lightdm-gtk-greeter/missing autoconf'
AUTOHEADER='${SHELL} /home/aleksey/Desktop/lightdm-gtk-greeter/missing autoheader'
AUTOMAKE='${SHELL} /home/aleksey/Desktop/lightdm-gtk-greeter/missing automake-1.16'
AWK='mawk'
AYATANA_INDICATORDIR=''
AYATANA_LIBIDO_CFLAGS=''
AYATANA_LIBIDO_LIBS=''
AYATANA_LIBINDICATOR_CFLAGS=''
AYATANA_LIBINDICATOR_LIBS=''
CC='gcc'
CCDEPMODE='depmode=gcc3'
CFLAGS='-g -O2'
CPP='gcc -E'
CPPFLAGS=''
CYGPATH_W='echo'
DEFS='-DHAVE_CONFIG_H'
DEPDIR='.deps'
DLLTOOL='false'
DSYMUTIL=''
DUMPBIN=''
ECHO_C=''
ECHO_N='-n'
ECHO_T=''
EGREP='/usr/bin/grep -E'
EXEEXT=''
FGREP='/usr/bin/grep -F'
GETTEXT_MACRO_VERSION='0.19'
GETTEXT_PACKAGE='lightdm-gtk-greeter'
GMODULE_CFLAGS='-pthread -I/usr/include/glib-2.0 -I/usr/lib/x86_64-linux-gnu/glib-2.0/include'
GMODULE_LIBS='-Wl,--export-dynamic -lgmodule-2.0 -pthread -lglib-2.0'
GMSGFMT='/usr/bin/msgfmt'
GMSGFMT_015='/usr/bin/msgfmt'
GREP='/usr/bin/grep'
GTK_CFLAGS='-pthread -I/usr/include/gtk-3.0 -I/usr/include/at-spi2-atk/2.0 -I/usr/include/at-spi-2.0 -I/usr/include/dbus-1.0 -I/usr/lib/x86_64-linux-gnu/dbus-1.0/include -I/usr/include/gtk-3.0 -I/usr/include/gio-unix-2.0 -I/usr/include/cairo -I/usr/include/libdrm -I/usr/include/pango-1.0 -I/usr/include/harfbuzz -I/usr/include/pango-1.0 -I/usr/include/fribidi -I/usr/include/atk-1.0 -I/usr/include/cairo -I/usr/include/pixman-1 -I/usr/include/freetype2 -I/usr/include/libpng16 -I/usr/include/gdk-pixbuf-2.0 -I/usr/include/libmount -I/usr/include/blkid -I/usr/include/uuid -I/usr/include/glib-2.0 -I/usr/lib/x86_64-linux-gnu/glib-2.0/include'
GTK_LIBS='-lgtk-3 -lgdk-3 -lpangocairo-1.0 -lpango-1.0 -latk-1.0 -lcairo-gobject -lcairo -lgdk_pixbuf-2.0 -lgio-2.0 -lgobject-2.0 -lglib-2.0'
HAVE_INTROSPECTION_FALSE=''
HAVE_INTROSPECTION_TRUE='#'
HAVE_UNITY_LIBINDICATOR_FALSE=''
HAVE_UNITY_LIBINDICATOR_TRUE='#'
INDICATORDIR=''
INSTALL_DATA='${INSTALL} -m 644'
INSTALL_PROGRAM='${INSTALL}'
INSTALL_SCRIPT='${INSTALL}'
INSTALL_STRIP_PROGRAM='$(install_sh) -c -s'
INTLLIBS=''
INTL_MACOSX_LIBS=''
INTROSPECTION_CFLAGS=''
INTROSPECTION_COMPILER=''
INTROSPECTION_GENERATE=''
INTROSPECTION_GIRDIR=''
INTROSPECTION_LIBS=''
INTROSPECTION_MAKEFILE=''
INTROSPECTION_SCANNER=''
INTROSPECTION_TYPELIBDIR=''
LD='/usr/bin/ld -m elf_x86_64'
LDFLAGS=''
LIBICONV='-liconv'
LIBINTL=''
LIBOBJS=''
LIBS=''
LIBTOOL='$(SHELL) $(top_builddir)/libtool'
LIBX11_CFLAGS=''
LIBX11_LIBS='-lX11'
LIBXKLAVIER_CFLAGS=''
LIBXKLAVIER_LIBS=''
LIGHTDMGOBJECT_CFLAGS='-pthread -I/usr/include/lightdm-gobject-1 -I/usr/include/gio-unix-2.0 -I/usr/include/libmount -I/usr/include/blkid -I/usr/include/uuid -I/usr/include/glib-2.0 -I/usr/lib/x86_64-linux-gnu/glib-2.0/include -I/usr/include/libxml2'
LIGHTDMGOBJECT_LIBS='-llightdm-gobject-1'
LIPO=''
LN_S='ln -s'
LTLIBICONV='-liconv'
LTLIBINTL=''
LTLIBOBJS=''
LT_SYS_LIBRARY_PATH=''
MAINT=''
MAINTAINER_MODE_FALSE='#'
MAINTAINER_MODE_TRUE=''
MAKEINFO='${SHELL} /home/aleksey/Desktop/lightdm-gtk-greeter/missing makeinfo'
MANIFEST_TOOL=':'
MKDIR_P='/usr/bin/mkdir -p'
MSGFMT='/usr/bin/msgfmt'
MSGFMT_015='/usr/bin/msgfmt'
MSGMERGE='/usr/bin/msgmerge'
NM='/usr/bin/nm -B'
NMEDIT=''
OBJDUMP='objdump'
OBJEXT='o'
OTOOL64=''
OTOOL=''
PACKAGE='lightdm-gtk-greeter'
PACKAGE_BUGREPORT='https://github.com/xubuntu/lightdm-gtk-greeter'
PACKAGE_NAME='lightdm-gtk-greeter'
PACKAGE_STRING='lightdm-gtk-greeter 2.0.8'
PACKAGE_TARNAME='lightdm-gtk-greeter'
PACKAGE_URL=''
PACKAGE_VERSION='2.0.8'
PATH_SEPARATOR=':'
PKG_CONFIG='/usr/bin/pkg-config'
PKG_CONFIG_LIBDIR=''
PKG_CONFIG_PATH=''
POSUB='po'
RANLIB='ranlib'
SED='/usr/bin/sed'
SET_MAKE=''
SHELL='/bin/bash'
STRIP='strip'
SYSTEMD_SERVICE_DIR='/usr/lib/systemd/user'
UNITY_INDICATORDIR=''
UNITY_LIBIDO_CFLAGS=''
UNITY_LIBIDO_LIBS=''
UNITY_LIBINDICATOR_CFLAGS=''
UNITY_LIBINDICATOR_LIBS=''
USE_NLS='yes'
VERSION='2.0.8'
XGETTEXT='/usr/bin/xgettext'
XGETTEXT_015='/usr/bin/xgettext'
XGETTEXT_EXTRA_OPTIONS=''
ac_ct_AR='ar'
ac_ct_CC='gcc'
ac_ct_DUMPBIN=''
am__EXEEXT_FALSE=''
am__EXEEXT_TRUE='#'
am__fastdepCC_FALSE='#'
am__fastdepCC_TRUE=''
am__include='include'
am__isrc=''
am__leading_dot='.'
am__nodep='_no'
am__quote=''
am__tar='tar --format=ustar -chf - "$$tardir"'
am__untar='tar -xf -'
bindir='${exec_prefix}/bin'
build='x86_64-pc-linux-gnu'
build_alias=''
build_cpu='x86_64'
build_os='linux-gnu'
build_vendor='pc'
datadir='${datarootdir}'
datarootdir='${prefix}/share'
docdir='${datarootdir}/doc/${PACKAGE_TARNAME}'
dvidir='${docdir}'
exec_prefix='${prefix}'
host='x86_64-pc-linux-gnu'
host_alias=''
host_cpu='x86_64'
host_os='linux-gnu'
host_vendor='pc'
htmldir='${docdir}'
includedir='${prefix}/include'
infodir='${datarootdir}/info'
install_sh='${SHELL} /home/aleksey/Desktop/lightdm-gtk-greeter/install-sh'
libdir='${exec_prefix}/lib'
libexecdir='${exec_prefix}/libexec'
localedir='${datarootdir}/locale'
localstatedir='${prefix}/var'
mandir='${datarootdir}/man'
mkdir_p='$(MKDIR_P)'
oldincludedir='/usr/include'
pdfdir='${docdir}'
prefix='/usr/local'
program_transform_name='s,x,x,'
psdir='${docdir}'
runstatedir='${localstatedir}/run'
sbindir='${exec_prefix}/sbin'
sharedstatedir='${prefix}/com'
sysconfdir='${prefix}/etc'
target_alias=''

## ----------- ##
## confdefs.h. ##
## ----------- ##

/* confdefs.h */
#define PACKAGE_NAME "lightdm-gtk-greeter"
#define PACKAGE_TARNAME "lightdm-gtk-greeter"
#define PACKAGE_VERSION "2.0.8"
#define PACKAGE_STRING "lightdm-gtk-greeter 2.0.8"
#define PACKAGE_BUGREPORT "https://github.com/xubuntu/lightdm-gtk-greeter"
#define PACKAGE_URL ""
#define STDC_HEADERS 1
#define HAVE_SYS_TYPES_H 1
#define HAVE_SYS_STAT_H 1
#define HAVE_STDLIB_H 1
#define HAVE_STRING_H 1
#define HAVE_MEMORY_H 1
#define HAVE_STRINGS_H 1
#define HAVE_INTTYPES_H 1
#define HAVE_STDINT_H 1
#define HAVE_UNISTD_H 1
#define HAVE_DLFCN_H 1
#define LT_OBJDIR ".libs/"
#define PACKAGE "lightdm-gtk-greeter"
#define VERSION "2.0.8"
#define HAVE_STDLIB_H 1
#define HAVE_LIBLIGHTDMGOBJECT_1_19_2 1
#define AT_SPI_COMMAND "/usr/libexec/at-spi-bus-launcher --launch-immediately"
#define INDICATOR_SERVICES_COMMAND "systemd --user indicator-services-start"
#define GETTEXT_PACKAGE "lightdm-gtk-greeter"
#define ENABLE_NLS 1
#define HAVE_GETTEXT 1
#define HAVE_DCGETTEXT 1

configure: exit 0
